<?xml version="1.0" encoding="UTF-8"?>
<!-- Generated by org.testng.reporters.JUnitReportReporter -->
<testsuite skipped="0" hostname="DESKTOP-IOGOAHH" name="com.qa.test.TestNgDemo" tests="4" failures="0" timestamp="17 Oct 2019 17:16:08 GMT" time="0.028" errors="0">
  <testcase name="Multi" time="0.002" classname="com.qa.test.TestNgDemo"/>
  <testcase name="subtract" time="0.000" classname="com.qa.test.TestNgDemo"/>
  <testcase name="Division" time="0.026" classname="com.qa.test.TestNgDemo"/>
  <testcase name="sum" time="0.000" classname="com.qa.test.TestNgDemo"/>
</testsuite> <!-- com.qa.test.TestNgDemo -->
